[INFO] Scanning for projects...
[INFO] 
[INFO] -----------------------< com.leucine:equipment >------------------------
[INFO] Building equipment 0.0.1-SNAPSHOT
[INFO]   from pom.xml
[INFO] --------------------------------[ jar ]---------------------------------
[INFO] 
[INFO] >>> spring-boot:3.4.3:run (default-cli) > test-compile @ equipment >>>
[INFO] 
[INFO] --- resources:3.3.1:resources (default-resources) @ equipment ---
[INFO] Copying 1 resource from src\main\resources to target\classes
[INFO] Copying 1 resource from src\main\resources to target\classes
[INFO] 
[INFO] --- compiler:3.13.0:compile (default-compile) @ equipment ---
[INFO] Nothing to compile - all classes are up to date.
[INFO] 
[INFO] --- resources:3.3.1:testResources (default-testResources) @ equipment ---
[INFO] skip non existing resourceDirectory C:\Users\abhij\OneDrive\Desktop\Leucine_Assignment\backend\src\test\resources
[INFO] 
[INFO] --- compiler:3.13.0:testCompile (default-testCompile) @ equipment ---
[INFO] Nothing to compile - all classes are up to date.
[INFO] 
[INFO] <<< spring-boot:3.4.3:run (default-cli) < test-compile @ equipment <<<
[INFO] 
[INFO] 
[INFO] --- spring-boot:3.4.3:run (default-cli) @ equipment ---
[INFO] Attaching agents: []

  .   ____          _            __ _ _
 /\\ / ___'_ __ _ _(_)_ __  __ _ \ \ \ \
( ( )\___ | '_ | '_| | '_ \/ _` | \ \ \ \
 \\/  ___)| |_)| | | | | || (_| |  ) ) ) )
  '  |____| .__|_| |_|_| |_\__, | / / / /
 =========|_|==============|___/=/_/_/_/

 :: Spring Boot ::                (v3.4.3)

2026-02-28T10:53:17.868+05:30  INFO 15608 --- [           main] c.l.equipment.EquipmentApplication       : Starting EquipmentApplication using Java 17.0.15 with PID 15608 (C:\Users\abhij\OneDrive\Desktop\Leucine_Assignment\backend\target\classes started by abhij in C:\Users\abhij\OneDrive\Desktop\Leucine_Assignment\backend)
2026-02-28T10:53:17.871+05:30  INFO 15608 --- [           main] c.l.equipment.EquipmentApplication       : No active profile set, falling back to 1 default profile: "default"
2026-02-28T10:53:18.451+05:30  INFO 15608 --- [           main] .s.d.r.c.RepositoryConfigurationDelegate : Bootstrapping Spring Data JPA repositories in DEFAULT mode.
2026-02-28T10:53:18.516+05:30  INFO 15608 --- [           main] .s.d.r.c.RepositoryConfigurationDelegate : Finished Spring Data repository scanning in 56 ms. Found 3 JPA repository interfaces.
2026-02-28T10:53:19.003+05:30  INFO 15608 --- [           main] o.s.b.w.embedded.tomcat.TomcatWebServer  : Tomcat initialized with port 8080 (http)
2026-02-28T10:53:19.015+05:30  INFO 15608 --- [           main] o.apache.catalina.core.StandardService   : Starting service [Tomcat]
2026-02-28T10:53:19.015+05:30  INFO 15608 --- [           main] o.apache.catalina.core.StandardEngine    : Starting Servlet engine: [Apache Tomcat/10.1.36]
2026-02-28T10:53:19.064+05:30  INFO 15608 --- [           main] o.a.c.c.C.[Tomcat].[localhost].[/]       : Initializing Spring embedded WebApplicationContext
2026-02-28T10:53:19.065+05:30  INFO 15608 --- [           main] w.s.c.ServletWebServerApplicationContext : Root WebApplicationContext: initialization completed in 1148 ms
2026-02-28T10:53:19.183+05:30  INFO 15608 --- [           main] o.hibernate.jpa.internal.util.LogHelper  : HHH000204: Processing PersistenceUnitInfo [name: default]
2026-02-28T10:53:19.226+05:30  INFO 15608 --- [           main] org.hibernate.Version                    : HHH000412: Hibernate ORM core version 6.6.8.Final
2026-02-28T10:53:19.253+05:30  INFO 15608 --- [           main] o.h.c.internal.RegionFactoryInitiator    : HHH000026: Second-level cache disabled
2026-02-28T10:53:19.471+05:30  INFO 15608 --- [           main] o.s.o.j.p.SpringPersistenceUnitInfo      : No LoadTimeWeaver setup: ignoring JPA class transformer
2026-02-28T10:53:19.500+05:30  INFO 15608 --- [           main] com.zaxxer.hikari.HikariDataSource       : HikariPool-1 - Starting...
2026-02-28T10:53:19.645+05:30  INFO 15608 --- [           main] com.zaxxer.hikari.pool.HikariPool        : HikariPool-1 - Added connection conn0: url=jdbc:h2:mem:equipmentdb user=SA
2026-02-28T10:53:19.648+05:30  INFO 15608 --- [           main] com.zaxxer.hikari.HikariDataSource       : HikariPool-1 - Start completed.
2026-02-28T10:53:19.667+05:30  WARN 15608 --- [           main] org.hibernate.orm.deprecation            : HHH90000025: H2Dialect does not need to be specified explicitly using 'hibernate.dialect' (remove the property setting and it will be selected by default)
2026-02-28T10:53:19.691+05:30  INFO 15608 --- [           main] org.hibernate.orm.connections.pooling    : HHH10001005: Database info:
	Database JDBC URL [Connecting through datasource 'HikariDataSource (HikariPool-1)']
	Database driver: undefined/unknown
	Database version: 2.3.232
	Autocommit mode: undefined/unknown
	Isolation level: undefined/unknown
	Minimum pool size: undefined/unknown
	Maximum pool size: undefined/unknown
2026-02-28T10:53:20.445+05:30  INFO 15608 --- [           main] o.h.e.t.j.p.i.JtaPlatformInitiator       : HHH000489: No JTA platform available (set 'hibernate.transaction.jta.platform' to enable JTA platform integration)
Hibernate: create table equipment (id bigint generated by default as identity, last_cleaned_date timestamp(6) with time zone, name varchar(255) not null, status varchar(255) not null, type_id bigint not null, primary key (id))
Hibernate: create table equipment_types (id bigint generated by default as identity, name varchar(255) not null, primary key (id))
Hibernate: create table maintenance_logs (id bigint generated by default as identity, maintenance_date timestamp(6) with time zone not null, notes varchar(255), performed_by varchar(255) not null, equipment_id bigint not null, primary key (id))
Hibernate: alter table if exists equipment_types drop constraint if exists UKhplmo7axied1halm0jdvb0s6j
Hibernate: alter table if exists equipment_types add constraint UKhplmo7axied1halm0jdvb0s6j unique (name)
Hibernate: alter table if exists equipment add constraint FKd4oditxb71rinhtvxerx9lx14 foreign key (type_id) references equipment_types
Hibernate: alter table if exists maintenance_logs add constraint FKiavahj8j2cxnivgecv98h9fq2 foreign key (equipment_id) references equipment
2026-02-28T10:53:20.509+05:30  INFO 15608 --- [           main] j.LocalContainerEntityManagerFactoryBean : Initialized JPA EntityManagerFactory for persistence unit 'default'
2026-02-28T10:53:20.828+05:30  WARN 15608 --- [           main] JpaBaseConfiguration$JpaWebConfiguration : spring.jpa.open-in-view is enabled by default. Therefore, database queries may be performed during view rendering. Explicitly configure spring.jpa.open-in-view to disable this warning
2026-02-28T10:53:21.062+05:30  INFO 15608 --- [           main] o.s.b.a.h2.H2ConsoleAutoConfiguration    : H2 console available at '/h2-console'. Database available at 'jdbc:h2:mem:equipmentdb'
2026-02-28T10:53:21.127+05:30  WARN 15608 --- [           main] ConfigServletWebServerApplicationContext : Exception encountered during context initialization - cancelling refresh attempt: org.springframework.context.ApplicationContextException: Failed to start bean 'webServerStartStop'
2026-02-28T10:53:21.129+05:30  INFO 15608 --- [           main] j.LocalContainerEntityManagerFactoryBean : Closing JPA EntityManagerFactory for persistence unit 'default'
2026-02-28T10:53:21.130+05:30  INFO 15608 --- [           main] com.zaxxer.hikari.HikariDataSource       : HikariPool-1 - Shutdown initiated...
2026-02-28T10:53:21.131+05:30  INFO 15608 --- [           main] com.zaxxer.hikari.HikariDataSource       : HikariPool-1 - Shutdown completed.
2026-02-28T10:53:21.142+05:30  INFO 15608 --- [           main] .s.b.a.l.ConditionEvaluationReportLogger : 

Error starting ApplicationContext. To display the condition evaluation report re-run your application with 'debug' enabled.
2026-02-28T10:53:21.155+05:30 ERROR 15608 --- [           main] o.s.b.d.LoggingFailureAnalysisReporter   : 

***************************
APPLICATION FAILED TO START
***************************

Description:

Web server failed to start. Port 8080 was already in use.

Action:

Identify and stop the process that's listening on port 8080 or configure this application to listen on another port.

[INFO] ------------------------------------------------------------------------
[INFO] BUILD FAILURE
[INFO] ------------------------------------------------------------------------
[INFO] Total time:  6.339 s
[INFO] Finished at: 2026-02-28T10:53:21+05:30
[INFO] ------------------------------------------------------------------------
[ERROR] Failed to execute goal org.springframework.boot:spring-boot-maven-plugin:3.4.3:run (default-cli) on project equipment: Process terminated with exit code: 1 -> [Help 1]
[ERROR] 
[ERROR] To see the full stack trace of the errors, re-run Maven with the -e switch.
[ERROR] Re-run Maven using the -X switch to enable full debug logging.
[ERROR] 
[ERROR] For more information about the errors and possible solutions, please read the following articles:
[ERROR] [Help 1] http://cwiki.apache.org/confluence/display/MAVEN/MojoExecutionException
